  [1m[36m (1.2ms)[0m  [1mCREATE TABLE "schema_migrations" ("version" varchar NOT NULL) [0m
  [1m[35m (0.0ms)[0m  select sqlite_version(*)
  [1m[36m (1.0ms)[0m  [1mCREATE UNIQUE INDEX "unique_schema_migrations" ON "schema_migrations" ("version")[0m
  [1m[35mActiveRecord::SchemaMigration Load (0.1ms)[0m  SELECT "schema_migrations".* FROM "schema_migrations"
  [1m[36mActiveRecord::SchemaMigration Load (0.1ms)[0m  [1mSELECT "schema_migrations".* FROM "schema_migrations"[0m
Migrating to CreatePosts (20151230232412)
  [1m[35m (0.1ms)[0m  begin transaction
  [1m[36m (0.4ms)[0m  [1mCREATE TABLE "posts" ("id" INTEGER PRIMARY KEY AUTOINCREMENT NOT NULL, "title" varchar, "description" text, "created_at" datetime NOT NULL, "updated_at" datetime NOT NULL) [0m
  [1m[35mSQL (0.2ms)[0m  INSERT INTO "schema_migrations" ("version") VALUES (?)  [["version", "20151230232412"]]
  [1m[36m (1.3ms)[0m  [1mcommit transaction[0m
  [1m[35mActiveRecord::SchemaMigration Load (0.1ms)[0m  SELECT "schema_migrations".* FROM "schema_migrations"


Started GET "/posts/new" for ::1 at 2015-12-31 13:44:56 -0600
  [1m[36mActiveRecord::SchemaMigration Load (0.1ms)[0m  [1mSELECT "schema_migrations".* FROM "schema_migrations"[0m
Processing by PostsController#new as HTML
  Rendered posts/new.html.erb within layouts/application (2.1ms)
Completed 200 OK in 347ms (Views: 326.8ms | ActiveRecord: 0.2ms)


Started GET "/assets/application.self-e80e8f2318043e8af94dddc2adad5a4f09739a8ebb323b3ab31cd71d45fd9113.css?body=1" for ::1 at 2015-12-31 13:44:57 -0600


Started GET "/assets/application.self-3b8dabdc891efe46b9a144b400ad69e37d7e5876bdc39dee783419a69d7ca819.js?body=1" for ::1 at 2015-12-31 13:44:57 -0600


Started POST "/posts" for ::1 at 2015-12-31 13:45:03 -0600
Processing by PostsController#create as HTML
  Parameters: {"utf8"=>"✓", "authenticity_token"=>"mFCuNJP5reOW19phdr4zXRLzOMo4NZQ3wneiVR+RO/+owIoDiOxh24iHKkZ7DGazxbSIoRmvIOmJgA4gog1sGg==", "title"=>"Rails Introduction Quiz", "description"=>"asdfasdf", "commit"=>"Submit Post"}
  [1m[35m (0.1ms)[0m  begin transaction
  [1m[36mSQL (0.4ms)[0m  [1mINSERT INTO "posts" ("title", "description", "created_at", "updated_at") VALUES (?, ?, ?, ?)[0m  [["title", "Rails Introduction Quiz"], ["description", "asdfasdf"], ["created_at", "2015-12-31 19:45:03.614973"], ["updated_at", "2015-12-31 19:45:03.614973"]]
  [1m[35m (1.2ms)[0m  commit transaction
Redirected to http://localhost:3000/posts/1
Completed 302 Found in 22ms (ActiveRecord: 1.7ms)


Started GET "/posts/1" for ::1 at 2015-12-31 13:45:03 -0600
Processing by PostsController#show as HTML
  Parameters: {"id"=>"1"}
  [1m[36mPost Load (0.2ms)[0m  [1mSELECT  "posts".* FROM "posts" WHERE "posts"."id" = ? LIMIT 1[0m  [["id", 1]]
  Rendered posts/show.html.erb within layouts/application (0.4ms)
Completed 200 OK in 27ms (Views: 10.4ms | ActiveRecord: 0.2ms)
  [1m[35m (0.1ms)[0m  [1m[36mbegin transaction[0m
  [1m[35mSQL (0.5ms)[0m  [1m[32mINSERT INTO "posts" ("title", "description", "created_at", "updated_at") VALUES (?, ?, ?, ?)[0m  [["title", "Title goes here"], ["description", "Desc goes here..."], ["created_at", "2021-06-05 18:16:06.423832"], ["updated_at", "2021-06-05 18:16:06.423832"]]
  [1m[35m (1.0ms)[0m  [1m[36mcommit transaction[0m
Started GET "/posts/new" for ::1 at 2021-06-05 14:20:49 -0400
  [1m[36mActiveRecord::SchemaMigration Load (0.1ms)[0m  [1m[34mSELECT "schema_migrations".* FROM "schema_migrations"[0m
Processing by PostsController#new as HTML
  Rendering posts/new.html.erb within layouts/application
  Rendered posts/new.html.erb within layouts/application (9.7ms)
Completed 200 OK in 424ms (Views: 406.0ms | ActiveRecord: 0.7ms)


Started POST "/posts" for ::1 at 2021-06-05 14:21:09 -0400
Processing by PostsController#create as HTML
  Parameters: {"utf8"=>"✓", "authenticity_token"=>"eu7YaalMBMPpAXgnlSsHCq93etkA+wXwN0S7xFHcv/CnHEIoR/p3/LP9Wk2u7U0vnp0UxWHVB9mt2nhsjejduQ==", "title"=>"Cults at the Library", "description"=>"Library cults are coooool!", "commit"=>"Submit Post"}
  [1m[35m (0.0ms)[0m  [1m[36mbegin transaction[0m
  [1m[35mSQL (0.4ms)[0m  [1m[32mINSERT INTO "posts" ("title", "description", "created_at", "updated_at") VALUES (?, ?, ?, ?)[0m  [["title", "Cults at the Library"], ["description", "Library cults are coooool!"], ["created_at", "2021-06-05 18:21:09.409134"], ["updated_at", "2021-06-05 18:21:09.409134"]]
  [1m[35m (0.6ms)[0m  [1m[36mcommit transaction[0m
No template found for PostsController#create, rendering head :no_content
Completed 204 No Content in 36ms (ActiveRecord: 1.0ms)


Started GET "/posts/new" for ::1 at 2021-06-05 14:21:25 -0400
Processing by PostsController#new as HTML
  Rendering posts/new.html.erb within layouts/application
  Rendered posts/new.html.erb within layouts/application (0.6ms)
Completed 200 OK in 14ms (Views: 12.8ms | ActiveRecord: 0.0ms)


Started GET "/posts/new" for ::1 at 2021-06-05 14:21:38 -0400
Processing by PostsController#new as HTML
  Rendering posts/new.html.erb within layouts/application
  Rendered posts/new.html.erb within layouts/application (0.8ms)
Completed 200 OK in 19ms (Views: 11.3ms | ActiveRecord: 0.7ms)


Started POST "/posts" for ::1 at 2021-06-05 14:21:50 -0400
Processing by PostsController#create as HTML
  Parameters: {"utf8"=>"✓", "authenticity_token"=>"qPTT1JZ/KEaZugyzNQCU/Y+OVYj/dsv2BSfWkbUoagh1BkmVeMlbecNGLtkOxt7YvmQ7lJ5Yyd+fuRU5aRwIQQ==", "title"=>"Cults at the Library", "description"=>"Library cults rock", "commit"=>"Submit Post"}
  [1m[35m (0.2ms)[0m  [1m[36mbegin transaction[0m
  [1m[35mSQL (0.4ms)[0m  [1m[32mINSERT INTO "posts" ("title", "description", "created_at", "updated_at") VALUES (?, ?, ?, ?)[0m  [["title", "Cults at the Library"], ["description", "Library cults rock"], ["created_at", "2021-06-05 18:21:50.735800"], ["updated_at", "2021-06-05 18:21:50.735800"]]
  [1m[35m (2.7ms)[0m  [1m[36mcommit transaction[0m
No template found for PostsController#create, rendering head :no_content
Completed 204 No Content in 30ms (ActiveRecord: 3.3ms)


Started GET "/posts/new" for ::1 at 2021-06-05 14:23:22 -0400
Processing by PostsController#new as HTML
  Rendering posts/new.html.erb within layouts/application
  Rendered posts/new.html.erb within layouts/application (1.3ms)
Completed 200 OK in 22ms (Views: 12.6ms | ActiveRecord: 0.9ms)


Started POST "/posts" for ::1 at 2021-06-05 14:23:30 -0400
Processing by PostsController#create as HTML
  Parameters: {"utf8"=>"✓", "authenticity_token"=>"sBYQED3HjwmPfu1pmf+er7LN8QYSc+beuKToMCzANQFt5IpR03H8NtWCzwOiOdSKgyefGnNd5PciOiuY8PRXSA==", "title"=>"Cults at the Library", "description"=>"Library cults rule", "commit"=>"Submit Post"}
  [1m[35m (0.1ms)[0m  [1m[36mbegin transaction[0m
  [1m[35mSQL (0.6ms)[0m  [1m[32mINSERT INTO "posts" ("title", "description", "created_at", "updated_at") VALUES (?, ?, ?, ?)[0m  [["title", "Cults at the Library"], ["description", "Library cults rule"], ["created_at", "2021-06-05 18:23:30.818356"], ["updated_at", "2021-06-05 18:23:30.818356"]]
  [1m[35m (6.0ms)[0m  [1m[36mcommit transaction[0m
No template found for PostsController#create, rendering head :no_content
Completed 204 No Content in 42ms (ActiveRecord: 6.6ms)


Started GET "/posts/new" for ::1 at 2021-06-05 14:23:55 -0400
Processing by PostsController#new as HTML
  Rendering posts/new.html.erb within layouts/application
  Rendered posts/new.html.erb within layouts/application (0.9ms)
Completed 200 OK in 19ms (Views: 13.1ms | ActiveRecord: 0.5ms)


Started POST "/posts" for ::1 at 2021-06-05 14:23:57 -0400
Processing by PostsController#create as HTML
  Parameters: {"utf8"=>"✓", "authenticity_token"=>"KDll+aaw3xvljgCEI9CrsaSlND33kYJvyb2MWd0ELeT1y/+4SAasJL9yIu4YFuGUlU9aIZa/gEZTI0/xATBPrQ==", "title"=>"", "description"=>"", "commit"=>"Submit Post"}
  [1m[35m (0.1ms)[0m  [1m[36mbegin transaction[0m
  [1m[35mSQL (0.3ms)[0m  [1m[32mINSERT INTO "posts" ("title", "description", "created_at", "updated_at") VALUES (?, ?, ?, ?)[0m  [["title", ""], ["description", ""], ["created_at", "2021-06-05 18:23:57.050001"], ["updated_at", "2021-06-05 18:23:57.050001"]]
  [1m[35m (3.5ms)[0m  [1m[36mcommit transaction[0m
No template found for PostsController#create, rendering head :no_content
Completed 204 No Content in 33ms (ActiveRecord: 3.9ms)


Started GET "/posts/new" for ::1 at 2021-06-05 14:25:03 -0400
Processing by PostsController#new as HTML
  Rendering posts/new.html.erb within layouts/application
  Rendered posts/new.html.erb within layouts/application (0.8ms)
Completed 200 OK in 22ms (Views: 14.7ms | ActiveRecord: 0.5ms)


Started POST "/posts" for ::1 at 2021-06-05 14:25:13 -0400
Processing by PostsController#create as HTML
  Parameters: {"utf8"=>"✓", "authenticity_token"=>"E8jzvAWOh3BDBK234F7gw1gVP8xuunKKhQPjXkbecMjOOmn96zj0Txn4j93bmKrmaf9R0A+UcKMfnSD2muoSgQ==", "title"=>"Starbucks", "description"=>"Green Tea", "commit"=>"Submit Post"}
  [1m[35m (0.1ms)[0m  [1m[36mbegin transaction[0m
  [1m[35mSQL (0.5ms)[0m  [1m[32mINSERT INTO "posts" ("title", "description", "created_at", "updated_at") VALUES (?, ?, ?, ?)[0m  [["title", "Starbucks"], ["description", "Green Tea"], ["created_at", "2021-06-05 18:25:13.443777"], ["updated_at", "2021-06-05 18:25:13.443777"]]
  [1m[35m (0.8ms)[0m  [1m[36mcommit transaction[0m
No template found for PostsController#create, rendering head :no_content
Completed 204 No Content in 37ms (ActiveRecord: 1.3ms)


  [1m[36mPost Load (0.1ms)[0m  [1m[34mSELECT  "posts".* FROM "posts" ORDER BY "posts"."id" DESC LIMIT ?[0m  [["LIMIT", 1]]
Started GET "/posts/new" for ::1 at 2021-06-05 14:39:38 -0400
  [1m[36mActiveRecord::SchemaMigration Load (0.1ms)[0m  [1m[34mSELECT "schema_migrations".* FROM "schema_migrations"[0m
Processing by PostsController#new as HTML
  Rendering posts/new.html.erb within layouts/application
  Rendered posts/new.html.erb within layouts/application (6.2ms)
Completed 200 OK in 196ms (Views: 183.2ms | ActiveRecord: 0.5ms)


Started POST "/posts" for ::1 at 2021-06-05 14:39:51 -0400
Processing by PostsController#create as HTML
  Parameters: {"utf8"=>"✓", "authenticity_token"=>"aKlcYbJcQ+IytZ/AhuilcOF+u5AMRvz8xhHnczF9MTu1W8YgXOow3WhJvaq9Lu9V0JTVjG1o/tVcjyTb7UlTcg==", "title"=>"Pigone", "description"=>"At the library", "commit"=>"Submit Post"}
  [1m[35m (0.0ms)[0m  [1m[36mbegin transaction[0m
  [1m[35mSQL (3.8ms)[0m  [1m[32mINSERT INTO "posts" ("title", "description", "created_at", "updated_at") VALUES (?, ?, ?, ?)[0m  [["title", "Pigone"], ["description", "At the library"], ["created_at", "2021-06-05 18:39:51.826562"], ["updated_at", "2021-06-05 18:39:51.826562"]]
  [1m[35m (2.5ms)[0m  [1m[36mcommit transaction[0m
Redirected to http://localhost:3000/posts/8
Completed 302 Found in 9ms (ActiveRecord: 6.4ms)


Started GET "/posts/8" for ::1 at 2021-06-05 14:39:51 -0400
Processing by PostsController#show as HTML
  Parameters: {"id"=>"8"}
  [1m[36mPost Load (0.2ms)[0m  [1m[34mSELECT  "posts".* FROM "posts" WHERE "posts"."id" = ? LIMIT ?[0m  [["id", 8], ["LIMIT", 1]]
  Rendering posts/show.html.erb within layouts/application
  Rendered posts/show.html.erb within layouts/application (0.5ms)
Completed 200 OK in 20ms (Views: 15.5ms | ActiveRecord: 0.2ms)


